0 info it worked if it ends with ok
1 verbose cli [ 'C:\\Program Files\\nodejs\\node.exe',
1 verbose cli   'C:\\Users\\rupesh.b\\AppData\\Roaming\\npm\\node_modules\\npm\\bin\\npm-cli.js',
1 verbose cli   'start' ]
2 info using npm@3.7.2
3 info using node@v5.6.0
4 verbose stack Error: Failed to parse json
4 verbose stack Unexpected token '}' at 7:3
4 verbose stack   },
4 verbose stack   ^
4 verbose stack     at parseError (C:\Users\rupesh.b\AppData\Roaming\npm\node_modules\npm\node_modules\read-package-json\read-json.js:379:11)
4 verbose stack     at parseJson (C:\Users\rupesh.b\AppData\Roaming\npm\node_modules\npm\node_modules\read-package-json\read-json.js:68:23)
4 verbose stack     at C:\Users\rupesh.b\AppData\Roaming\npm\node_modules\npm\node_modules\read-package-json\read-json.js:48:5
4 verbose stack     at C:\Users\rupesh.b\AppData\Roaming\npm\node_modules\npm\node_modules\graceful-fs\graceful-fs.js:78:16
4 verbose stack     at tryToString (fs.js:414:3)
4 verbose stack     at FSReqWrap.readFileAfterClose [as oncomplete] (fs.js:401:12)
5 verbose cwd D:\Projects\ExpressJs\Flickr
6 error Windows_NT 6.1.7601
7 error argv "C:\\Program Files\\nodejs\\node.exe" "C:\\Users\\rupesh.b\\AppData\\Roaming\\npm\\node_modules\\npm\\bin\\npm-cli.js" "start"
8 error node v5.6.0
9 error npm  v3.7.2
10 error file D:\Projects\ExpressJs\Flickr\package.json
11 error code EJSONPARSE
12 error Failed to parse json
12 error Unexpected token '}' at 7:3
12 error   },
12 error   ^
13 error File: D:\Projects\ExpressJs\Flickr\package.json
14 error Failed to parse package.json data.
14 error package.json must be actual JSON, not just JavaScript.
14 error
14 error This is not a bug in npm.
14 error Tell the package author to fix their package.json file. JSON.parse
15 verbose exit [ 1, true ]
